============================================================
  Generated by:           Genus(TM) Synthesis Solution 17.10-p007_1
  Generated on:           Dec 11 2018  01:00:10 am
  Module:                 rv_adder
  Operating conditions:   PVT_1P1V_0C 
  Interconnect mode:      global
  Area mode:              physical library
============================================================

                              
   Gate    Instances   Area       Library    
---------------------------------------------
ADDFX1             1    5.130    fast_vdd1v0 
ADDHX1            62  233.244    fast_vdd1v0 
CLKXOR2X1          1    2.736    fast_vdd1v0 
INVX2              1    1.026    fast_vdd1v0 
NAND2XL            2    2.052    fast_vdd1v0 
OR2X1             31   42.408    fast_vdd1v0 
XNOR2X1           34   81.396    fast_vdd1v0 
---------------------------------------------
total            132  367.992                


                                        
     Type      Instances   Area  Area % 
----------------------------------------
inverter               1   1.026    0.3 
logic                131 366.966   99.7 
physical_cells         0   0.000    0.0 
----------------------------------------
total                132 367.992  100.0 

