============================================================
  Generated by:           Genus(TM) Synthesis Solution 17.10-p007_1
  Generated on:           Dec 09 2018  06:53:32 pm
  Module:                 rv_alu
  Operating conditions:   PVT_1P1V_0C 
  Interconnect mode:      global
  Area mode:              physical library
============================================================

                               
   Gate    Instances    Area       Library    
----------------------------------------------
ADDFX1             1     5.130    fast_vdd1v0 
ADDHX1            72   270.864    fast_vdd1v0 
AND2X1             4     5.472    fast_vdd1v0 
AO22X1             2     5.472    fast_vdd1v0 
AOI211XL           1     2.052    fast_vdd1v0 
AOI21XL            2     3.420    fast_vdd1v0 
AOI221X1          34    81.396    fast_vdd1v0 
AOI222X1          24    73.872    fast_vdd1v0 
AOI22XL           72   147.744    fast_vdd1v0 
AOI2BB2X1          1     3.420    fast_vdd1v0 
AOI31X1            1     2.052    fast_vdd1v0 
AOI32X1            2     4.788    fast_vdd1v0 
AOI33XL            1     2.394    fast_vdd1v0 
CLKXOR2X1          2     5.472    fast_vdd1v0 
INVX2              2     2.052    fast_vdd1v0 
INVXL             79    54.036    fast_vdd1v0 
MX2X1              5    11.970    fast_vdd1v0 
MXI2XL             3     7.182    fast_vdd1v0 
NAND2BXL           3     4.104    fast_vdd1v0 
NAND2XL           27    27.702    fast_vdd1v0 
NAND3BXL          10    17.100    fast_vdd1v0 
NAND3X1            1     1.710    fast_vdd1v0 
NAND3XL            6    10.260    fast_vdd1v0 
NAND4XL            6    10.260    fast_vdd1v0 
NOR2BX1            1     1.368    fast_vdd1v0 
NOR2X1            21    21.546    fast_vdd1v0 
NOR2XL            24    24.624    fast_vdd1v0 
OA22X1            12    28.728    fast_vdd1v0 
OAI211X1          10    17.100    fast_vdd1v0 
OAI21XL            4     6.840    fast_vdd1v0 
OAI221X1          35    83.790    fast_vdd1v0 
OAI222XL           8    21.888    fast_vdd1v0 
OAI22X1           16    32.832    fast_vdd1v0 
OAI22XL           21    43.092    fast_vdd1v0 
OAI2BB1X1          4     6.840    fast_vdd1v0 
OAI32X1            3     7.182    fast_vdd1v0 
OR2X1             35    47.880    fast_vdd1v0 
XNOR2X1           31    74.214    fast_vdd1v0 
----------------------------------------------
total            586  1177.848                


                                         
     Type      Instances   Area   Area % 
-----------------------------------------
inverter              81   56.088    4.8 
logic                505 1121.760   95.2 
physical_cells         0    0.000    0.0 
-----------------------------------------
total                586 1177.848  100.0 

