============================================================
  Generated by:           Genus(TM) Synthesis Solution 17.10-p007_1
  Generated on:           Dec 11 2018  01:18:33 am
  Module:                 rv_core
  Operating conditions:   PVT_1P1V_0C 
  Interconnect mode:      global
  Area mode:              physical library
============================================================

                                
   Gate    Instances    Area        Library    
-----------------------------------------------
ADDFX1            31    159.030    fast_vdd1v0 
ADDHX1            87    327.294    fast_vdd1v0 
AND2X1            48     65.664    fast_vdd1v0 
AND2X2            10     17.100    fast_vdd1v0 
AND3X2             2      5.472    fast_vdd1v0 
AND3XL             2      4.104    fast_vdd1v0 
AND4X1             2      4.788    fast_vdd1v0 
AO21X1             1      2.394    fast_vdd1v0 
AO22X1            98    268.128    fast_vdd1v0 
AOI211XL          65    133.380    fast_vdd1v0 
AOI21XL            4      6.840    fast_vdd1v0 
AOI221X1         185    442.890    fast_vdd1v0 
AOI222X1          24     73.872    fast_vdd1v0 
AOI22XL          898   1842.696    fast_vdd1v0 
AOI2BB2X1          3     10.260    fast_vdd1v0 
AOI32X1           17     40.698    fast_vdd1v0 
CLKMX2X2          29     89.262    fast_vdd1v0 
CLKXOR2X1          3      8.208    fast_vdd1v0 
DFFHQX1          236   1291.392    fast_vdd1v0 
DFFQX2             1      6.498    fast_vdd1v0 
DFFRHQX1         102    627.912    fast_vdd1v0 
DFFRX1            11     75.240    fast_vdd1v0 
DFFRX2             1      7.524    fast_vdd1v0 
DFFX1              2     14.364    fast_vdd1v0 
DFFX2              1      8.208    fast_vdd1v0 
INVX1            103     70.452    fast_vdd1v0 
INVX2              5      5.130    fast_vdd1v0 
MX2X1             39     93.366    fast_vdd1v0 
MXI2XL            52    124.488    fast_vdd1v0 
NAND2BX1           4      5.472    fast_vdd1v0 
NAND2BX2           1      2.394    fast_vdd1v0 
NAND2BX4           2      7.524    fast_vdd1v0 
NAND2BXL          12     16.416    fast_vdd1v0 
NAND2X1            2      2.052    fast_vdd1v0 
NAND2XL           53     54.378    fast_vdd1v0 
NAND3BXL          16     27.360    fast_vdd1v0 
NAND3X1            1      1.710    fast_vdd1v0 
NAND3XL            6     10.260    fast_vdd1v0 
NAND4BXL           1      2.394    fast_vdd1v0 
NAND4XL          262    448.020    fast_vdd1v0 
NOR2BX1           22     30.096    fast_vdd1v0 
NOR2BX2            6     16.416    fast_vdd1v0 
NOR2BX4            3     11.286    fast_vdd1v0 
NOR2X1             7      7.182    fast_vdd1v0 
NOR2X2            20     34.200    fast_vdd1v0 
NOR2XL            83     85.158    fast_vdd1v0 
NOR3BXL            1      2.052    fast_vdd1v0 
NOR3X1             1      1.710    fast_vdd1v0 
NOR3XL             3      5.130    fast_vdd1v0 
NOR4BX1            1      2.394    fast_vdd1v0 
NOR4X1             2      3.420    fast_vdd1v0 
OA21X1             2      4.104    fast_vdd1v0 
OA22X1             4      9.576    fast_vdd1v0 
OAI211X1          19     32.490    fast_vdd1v0 
OAI21XL           16     27.360    fast_vdd1v0 
OAI221X1          50    119.700    fast_vdd1v0 
OAI222XL          11     30.096    fast_vdd1v0 
OAI22XL           21     43.092    fast_vdd1v0 
OAI2BB1X1         86    147.060    fast_vdd1v0 
OAI31X1            1      2.052    fast_vdd1v0 
OAI32X1            3      7.182    fast_vdd1v0 
OR2X1             33     45.144    fast_vdd1v0 
OR2X2             11     18.810    fast_vdd1v0 
OR3X1              1      2.052    fast_vdd1v0 
OR3X2              5     11.970    fast_vdd1v0 
OR4X1              1      2.052    fast_vdd1v0 
SDFFQX1           33    248.292    fast_vdd1v0 
SDFFRHQX1        994   8158.752    fast_vdd1v0 
XNOR2X1           76    181.944    fast_vdd1v0 
-----------------------------------------------
total           3938  15695.406                


                                          
     Type      Instances    Area   Area % 
------------------------------------------
sequential          1381 10438.182   66.5 
inverter             108    75.582    0.5 
logic               2449  5181.642   33.0 
physical_cells         0     0.000    0.0 
------------------------------------------
total               3938 15695.406  100.0 

