============================================================
  Generated by:           Genus(TM) Synthesis Solution 17.10-p007_1
  Generated on:           Dec 09 2018  07:06:29 pm
  Module:                 rv_pc
  Operating conditions:   PVT_1P1V_0C 
  Interconnect mode:      global
  Area mode:              physical library
============================================================

                              
   Gate    Instances   Area       Library    
---------------------------------------------
ADDHX1            28  105.336    fast_vdd1v0 
AOI22XL           30   61.560    fast_vdd1v0 
CLKXOR2X1          1    2.736    fast_vdd1v0 
DFFRHQX1          29  178.524    fast_vdd1v0 
DFFRX1             1    6.840    fast_vdd1v0 
INVX1              2    1.368    fast_vdd1v0 
MX2X1              1    2.394    fast_vdd1v0 
NAND2XL            1    1.026    fast_vdd1v0 
NOR2X2             1    1.710    fast_vdd1v0 
OAI2BB1X1         30   51.300    fast_vdd1v0 
SDFFRHQX1          2   16.416    fast_vdd1v0 
---------------------------------------------
total            126  429.210                


                                        
     Type      Instances   Area  Area % 
----------------------------------------
sequential            32 201.780   47.0 
inverter               2   1.368    0.3 
logic                 92 226.062   52.7 
physical_cells         0   0.000    0.0 
----------------------------------------
total                126 429.210  100.0 

