============================================================
  Generated by:           Genus(TM) Synthesis Solution 17.10-p007_1
  Generated on:           Dec 09 2018  07:08:49 pm
  Module:                 rv_rf
  Operating conditions:   PVT_1P1V_0C 
  Interconnect mode:      global
  Area mode:              physical library
============================================================

                                
   Gate    Instances    Area        Library    
-----------------------------------------------
AND2X1            39     53.352    fast_vdd1v0 
AND2X2            15     25.650    fast_vdd1v0 
AND3X2             2      5.472    fast_vdd1v0 
AND3XL             2      4.104    fast_vdd1v0 
AND4X1             1      2.394    fast_vdd1v0 
AO22X1            78    213.408    fast_vdd1v0 
AOI211XL          64    131.328    fast_vdd1v0 
AOI221X1         139    332.766    fast_vdd1v0 
AOI222X1           2      6.156    fast_vdd1v0 
AOI22XL          803   1647.756    fast_vdd1v0 
DFFHQX1           64    350.208    fast_vdd1v0 
INVX1              1      0.684    fast_vdd1v0 
INVX2              1      1.026    fast_vdd1v0 
INVXL             20     13.680    fast_vdd1v0 
NAND2BXL           4      5.472    fast_vdd1v0 
NAND2XL           22     22.572    fast_vdd1v0 
NAND3BXL           1      1.710    fast_vdd1v0 
NAND4XL          252    430.920    fast_vdd1v0 
NOR2BX1           16     21.888    fast_vdd1v0 
NOR2BX2            6     16.416    fast_vdd1v0 
NOR2X2            16     27.360    fast_vdd1v0 
NOR2X4             2      6.156    fast_vdd1v0 
NOR2XL            15     15.390    fast_vdd1v0 
NOR3XL             1      1.710    fast_vdd1v0 
NOR4BX1            1      2.394    fast_vdd1v0 
OAI211X1           3      5.130    fast_vdd1v0 
OAI31X1            1      2.052    fast_vdd1v0 
OR2X1              2      2.736    fast_vdd1v0 
OR2X2             11     18.810    fast_vdd1v0 
OR3X2              5     11.970    fast_vdd1v0 
SDFFRHQX1        992   8142.336    fast_vdd1v0 
XNOR2X1           10     23.940    fast_vdd1v0 
-----------------------------------------------
total           2591  11546.946                


                                          
     Type      Instances    Area   Area % 
------------------------------------------
sequential          1056  8492.544   73.5 
inverter              22    15.390    0.1 
logic               1513  3039.012   26.3 
physical_cells         0     0.000    0.0 
------------------------------------------
total               2591 11546.946  100.0 

