============================================================
  Generated by:           Genus(TM) Synthesis Solution 17.10-p007_1
  Generated on:           Dec 09 2018  06:52:06 pm
  Module:                 rv_shifter
  Operating conditions:   PVT_1P1V_0C 
  Interconnect mode:      global
  Area mode:              physical library
============================================================

                              
   Gate    Instances   Area       Library    
---------------------------------------------
AND2X1             5    6.840    fast_vdd1v0 
AO22X1            28   76.608    fast_vdd1v0 
AOI21XL            2    3.420    fast_vdd1v0 
AOI221X1          47  112.518    fast_vdd1v0 
AOI222X1           5   15.390    fast_vdd1v0 
AOI22XL            3    6.156    fast_vdd1v0 
AOI2BB2X1          1    3.420    fast_vdd1v0 
INVXL             28   19.152    fast_vdd1v0 
MX2X1              2    4.788    fast_vdd1v0 
MX3XL              1    4.788    fast_vdd1v0 
MXI2XL            22   52.668    fast_vdd1v0 
NAND2BXL           1    1.368    fast_vdd1v0 
NAND2X1            3    3.078    fast_vdd1v0 
NAND2XL            9    9.234    fast_vdd1v0 
NAND3BXL           1    1.710    fast_vdd1v0 
NOR2X1             5    5.130    fast_vdd1v0 
NOR2XL            16   16.416    fast_vdd1v0 
OA21X1             2    4.104    fast_vdd1v0 
OA22X1             7   16.758    fast_vdd1v0 
OAI211X1           1    1.710    fast_vdd1v0 
OAI21XL            2    3.420    fast_vdd1v0 
OAI221X1          23   55.062    fast_vdd1v0 
OAI222XL          23   62.928    fast_vdd1v0 
OR2X1              1    1.368    fast_vdd1v0 
---------------------------------------------
total            238  488.034                


                                        
     Type      Instances   Area  Area % 
----------------------------------------
inverter              28  19.152    3.9 
logic                210 468.882   96.1 
physical_cells         0   0.000    0.0 
----------------------------------------
total                238 488.034  100.0 

